<?xml version="1.0" encoding="UTF-8"?>
<testng-results ignored="0" total="1" passed="1" failed="0" skipped="0">
  <reporter-output>
  </reporter-output>
  <suite started-at="2023-10-15T00:49:44 EEST" name="Smoky" finished-at="2023-10-15T00:50:07 EEST" duration-ms="22577">
    <groups>
    </groups>
    <test started-at="2023-10-15T00:49:44 EEST" name="Smoky" finished-at="2023-10-15T00:50:07 EEST" duration-ms="22577">
      <class name="com.ait.demoqa.tests.bookStore.LoginPageTests">
        <test-method is-config="true" signature="init()[pri:0, instance:com.ait.demoqa.tests.bookStore.LoginPageTests@2e377400]" started-at="2023-10-15T00:49:44 EEST" name="init" finished-at="2023-10-15T00:50:02 EEST" duration-ms="17512" status="PASS">
          <reporter-output>
          </reporter-output>
        </test-method> <!-- init -->
        <test-method is-config="true" signature="startLogger(java.lang.reflect.Method)[pri:0, instance:com.ait.demoqa.tests.bookStore.LoginPageTests@2e377400]" started-at="2023-10-15T00:50:02 EEST" name="startLogger" finished-at="2023-10-15T00:50:02 EEST" duration-ms="7" status="PASS">
          <params>
            <param index="0">
              <value>
                <![CDATA[public void com.ait.demoqa.tests.bookStore.LoginPageTests.loginPositiveTest()]]>
              </value>
            </param>
          </params>
          <reporter-output>
          </reporter-output>
        </test-method> <!-- startLogger -->
        <test-method is-config="true" signature="precondition()[pri:0, instance:com.ait.demoqa.tests.bookStore.LoginPageTests@2e377400]" started-at="2023-10-15T00:50:02 EEST" name="precondition" finished-at="2023-10-15T00:50:05 EEST" duration-ms="2725" status="PASS">
          <reporter-output>
          </reporter-output>
        </test-method> <!-- precondition -->
        <test-method signature="loginPositiveTest()[pri:0, instance:com.ait.demoqa.tests.bookStore.LoginPageTests@2e377400]" started-at="2023-10-15T00:50:05 EEST" name="loginPositiveTest" finished-at="2023-10-15T00:50:07 EEST" duration-ms="2239" status="PASS">
          <reporter-output>
          </reporter-output>
        </test-method> <!-- loginPositiveTest -->
      </class> <!-- com.ait.demoqa.tests.bookStore.LoginPageTests -->
    </test> <!-- Smoky -->
  </suite> <!-- Smoky -->
</testng-results>
